0 info it worked if it ends with ok
1 verbose cli [ '/Users/zhenxu/.nvm/versions/node/v6.9.1/bin/node',
1 verbose cli   '/Users/zhenxu/.nvm/versions/node/v6.9.1/bin/npm',
1 verbose cli   'v' ]
2 info using npm@3.10.8
3 info using node@v6.9.1
4 verbose stack Error: Invalid package.json
4 verbose stack     at /Users/zhenxu/.nvm/versions/node/v6.9.1/lib/node_modules/npm/lib/view.js:84:30
4 verbose stack     at ReadFileContext.<anonymous> (/Users/zhenxu/.nvm/versions/node/v6.9.1/lib/node_modules/npm/node_modules/read-package-json/read-json.js:90:21)
4 verbose stack     at ReadFileContext.callback (/Users/zhenxu/.nvm/versions/node/v6.9.1/lib/node_modules/npm/node_modules/graceful-fs/graceful-fs.js:78:16)
4 verbose stack     at FSReqWrap.readFileAfterOpen [as oncomplete] (fs.js:365:13)
5 verbose cwd /Users/zhenxu/Documents/BotXZ
6 error Darwin 17.2.0
7 error argv "/Users/zhenxu/.nvm/versions/node/v6.9.1/bin/node" "/Users/zhenxu/.nvm/versions/node/v6.9.1/bin/npm" "v"
8 error node v6.9.1
9 error npm  v3.10.8
10 error Invalid package.json
11 error If you need help, you may report this error at:
11 error     <https://github.com/npm/npm/issues>
12 verbose exit [ 1, true ]
